[0.000000] (-) TimerEvent: {}
[0.000209] (g1_description) JobQueued: {'identifier': 'g1_description', 'dependencies': OrderedDict()}
[0.000519] (g1_description) JobStarted: {'identifier': 'g1_description'}
[0.008828] (g1_description) JobProgress: {'identifier': 'g1_description', 'progress': 'cmake'}
[0.009336] (g1_description) Command: {'cmd': ['/usr/bin/cmake', '/home/pedro_setubal/Workspaces/G1/ROS2_g1/src/g1_description', '-DCMAKE_INSTALL_PREFIX=/home/pedro_setubal/Workspaces/G1/ROS2_g1/install/g1_description'], 'cwd': '/home/pedro_setubal/Workspaces/G1/ROS2_g1/build/g1_description', 'env': OrderedDict({'GJS_DEBUG_TOPICS': 'JS ERROR;JS LOG', 'LESSOPEN': '| /usr/bin/lesspipe %s', 'USER': 'pedro_setubal', 'FONTCONFIG_PATH': '/etc/fonts', 'GZ_CONFIG_PATH': '/opt/ros/jazzy/opt/gz_sim_vendor/share/gz:/opt/ros/jazzy/opt/sdformat_vendor/share/gz:/opt/ros/jazzy/opt/gz_gui_vendor/share/gz:/opt/ros/jazzy/opt/gz_transport_vendor/share/gz:/opt/ros/jazzy/opt/gz_rendering_vendor/share/gz:/opt/ros/jazzy/opt/gz_plugin_vendor/share/gz:/opt/ros/jazzy/opt/gz_fuel_tools_vendor/share/gz:/opt/ros/jazzy/opt/gz_msgs_vendor/share/gz:/opt/ros/jazzy/opt/gz_common_vendor/share/gz', 'GIO_MODULE_DIR': '/home/pedro_setubal/snap/code/common/.cache/gio-modules', 'XDG_SESSION_TYPE': 'x11', 'GIT_ASKPASS': '/snap/code/202/usr/share/code/resources/app/extensions/git/dist/askpass.sh', 'GTK_EXE_PREFIX_VSCODE_SNAP_ORIG': '', 'GDK_BACKEND_VSCODE_SNAP_ORIG': '', 'CLUTTER_DISABLE_MIPMAPPED_TEXT': '1', 'SHLVL': '1', 'LD_LIBRARY_PATH': '/opt/ros/jazzy/opt/gz_sim_vendor/lib:/opt/ros/jazzy/opt/gz_sensors_vendor/lib:/opt/ros/jazzy/opt/gz_physics_vendor/lib:/opt/ros/jazzy/opt/sdformat_vendor/lib:/opt/ros/jazzy/opt/rviz_ogre_vendor/lib:/opt/ros/jazzy/lib/x86_64-linux-gnu:/opt/ros/jazzy/opt/gz_gui_vendor/lib:/opt/ros/jazzy/opt/gz_transport_vendor/lib:/opt/ros/jazzy/opt/gz_rendering_vendor/lib:/opt/ros/jazzy/opt/gz_plugin_vendor/lib:/opt/ros/jazzy/opt/gz_fuel_tools_vendor/lib:/opt/ros/jazzy/opt/gz_msgs_vendor/lib:/opt/ros/jazzy/opt/gz_common_vendor/lib:/opt/ros/jazzy/opt/gz_math_vendor/lib:/opt/ros/jazzy/opt/gz_utils_vendor/lib:/opt/ros/jazzy/opt/gz_tools_vendor/lib:/opt/ros/jazzy/opt/gz_ogre_next_vendor/lib:/opt/ros/jazzy/opt/gz_dartsim_vendor/lib:/opt/ros/jazzy/opt/gz_cmake_vendor/lib:/opt/ros/jazzy/lib', 'HOME': '/home/pedro_setubal', 'CHROME_DESKTOP': 'code.desktop', 'LOCPATH_VSCODE_SNAP_ORIG': '', 'TERM_PROGRAM_VERSION': '1.102.3', 'DESKTOP_SESSION': 'ubuntu', 'GTK_PATH': '/snap/code/202/usr/lib/x86_64-linux-gnu/gtk-3.0', 'XDG_DATA_HOME_VSCODE_SNAP_ORIG': '', 'GTK_IM_MODULE_FILE': '/home/pedro_setubal/snap/code/common/.cache/immodules/immodules.cache', 'GIO_LAUNCHED_DESKTOP_FILE': '/var/lib/snapd/desktop/applications/code_code.desktop', 'ROS_PYTHON_VERSION': '3', 'GNOME_SHELL_SESSION_MODE': 'ubuntu', 'GTK_MODULES': 'gail:atk-bridge', 'GSETTINGS_SCHEMA_DIR_VSCODE_SNAP_ORIG': '', 'VSCODE_GIT_ASKPASS_MAIN': '/snap/code/202/usr/share/code/resources/app/extensions/git/dist/askpass-main.js', 'VSCODE_GIT_ASKPASS_NODE': '/snap/code/202/usr/share/code/code', 'MANAGERPID': '4042', 'PYDEVD_DISABLE_FILE_VALIDATION': '1', 'SYSTEMD_EXEC_PID': '4432', 'BUNDLED_DEBUGPY_PATH': '/home/pedro_setubal/.vscode/extensions/ms-python.debugpy-2025.10.0-linux-x64/bundled/libs/debugpy', 'GSM_SKIP_SSH_AGENT_WORKAROUND': 'true', 'DBUS_SESSION_BUS_ADDRESS': 'unix:path=/run/user/1001/bus', 'COLORTERM': 'truecolor', 'GIO_LAUNCHED_DESKTOP_FILE_PID': '37824', 'DEBUGINFOD_URLS': 'https://debuginfod.ubuntu.com', 'ROS_DISTRO': 'jazzy', 'LOGNAME': 'pedro_setubal', 'JOURNAL_STREAM': '9:32635', '_': '/usr/bin/colcon', 'ROS_VERSION': '2', 'XDG_CONFIG_DIRS_VSCODE_SNAP_ORIG': '/etc/xdg/xdg-ubuntu:/etc/xdg', 'MEMORY_PRESSURE_WATCH': '/sys/fs/cgroup/user.slice/user-1001.slice/user@1001.service/session.slice/org.gnome.Shell@x11.service/memory.pressure', 'XDG_SESSION_CLASS': 'user', 'XDG_DATA_DIRS_VSCODE_SNAP_ORIG': '/usr/share/ubuntu:/usr/share/gnome:/usr/local/share/:/usr/share/:/var/lib/snapd/desktop', 'USERNAME': 'pedro_setubal', 'TERM': 'xterm-256color', 'GNOME_DESKTOP_SESSION_ID': 'this-is-deprecated', 'WINDOWPATH': '2', 'PATH': '/usr/local/bin:/opt/ros/jazzy/opt/gz_msgs_vendor/bin:/opt/ros/jazzy/opt/gz_tools_vendor/bin:/opt/ros/jazzy/opt/gz_ogre_next_vendor/bin:/opt/ros/jazzy/bin:/usr/local/sbin:/usr/local/bin:/usr/sbin:/usr/bin:/sbin:/bin:/usr/games:/usr/local/games:/snap/bin:/snap/bin:/home/pedro_setubal/.vscode/extensions/ms-python.debugpy-2025.10.0-linux-x64/bundled/scripts/noConfigScripts', 'SESSION_MANAGER': 'local/pedro-setubal-Ubuntu-PC-KenKN:@/tmp/.ICE-unix/4400,unix/pedro-setubal-Ubuntu-PC-KenKN:/tmp/.ICE-unix/4400', 'GTK_EXE_PREFIX': '/snap/code/202/usr', 'INVOCATION_ID': 'a115e0252991411e9dc1dd88ef0762b2', 'XDG_MENU_PREFIX': 'gnome-', 'BAMF_DESKTOP_FILE_HINT': '/var/lib/snapd/desktop/applications/code_code.desktop', 'XDG_RUNTIME_DIR': '/run/user/1001', 'GDK_BACKEND': 'x11', 'DISPLAY': ':1', 'LOCPATH': '/snap/code/202/usr/lib/locale', 'VSCODE_DEBUGPY_ADAPTER_ENDPOINTS': '/home/pedro_setubal/.vscode/extensions/ms-python.debugpy-2025.10.0-linux-x64/.noConfigDebugAdapterEndpoints/endpoint-475b29ee67fbc892.txt', 'LANG': 'en_US.UTF-8', 'XDG_CURRENT_DESKTOP': 'Unity', 'GIO_MODULE_DIR_VSCODE_SNAP_ORIG': '', 'XDG_DATA_HOME': '/home/pedro_setubal/snap/code/202/.local/share', 'XMODIFIERS': '@im=ibus', 'XDG_SESSION_DESKTOP': 'ubuntu', 'XAUTHORITY': '/run/user/1001/gdm/Xauthority', 'LS_COLORS': '', 'VSCODE_GIT_IPC_HANDLE': '/run/user/1001/vscode-git-ab3e47c4d4.sock', 'TERM_PROGRAM': 'vscode', 'SSH_AUTH_SOCK': '/run/user/1001/keyring/ssh', 'GSETTINGS_SCHEMA_DIR': '/home/pedro_setubal/snap/code/202/.local/share/glib-2.0/schemas', 'AMENT_PREFIX_PATH': '/opt/ros/jazzy', 'ORIGINAL_XDG_CURRENT_DESKTOP': 'ubuntu:GNOME', 'SHELL': '/bin/bash', 'QT_ACCESSIBILITY': '1', 'GDMSESSION': 'ubuntu', 'LESSCLOSE': '/usr/bin/lesspipe %s %s', 'GTK_PATH_VSCODE_SNAP_ORIG': '', 'FONTCONFIG_FILE': '/etc/fonts/fonts.conf', 'GTK_IM_MODULE_FILE_VSCODE_SNAP_ORIG': '', 'GPG_AGENT_INFO': '/run/user/1001/gnupg/S.gpg-agent:0:1', 'GJS_DEBUG_OUTPUT': 'stderr', 'ROS_AUTOMATIC_DISCOVERY_RANGE': 'SUBNET', 'VSCODE_GIT_ASKPASS_EXTRA_ARGS': '', 'QT_IM_MODULE': 'ibus', 'PWD': '/home/pedro_setubal/Workspaces/G1/ROS2_g1/build/g1_description', 'XDG_CONFIG_DIRS': '/etc/xdg/xdg-ubuntu:/etc/xdg', 'XDG_DATA_DIRS': '/home/pedro_setubal/snap/code/202/.local/share:/home/pedro_setubal/snap/code/202:/snap/code/202/usr/share:/usr/share/ubuntu:/usr/share/gnome:/usr/local/share/:/usr/share/:/var/lib/snapd/desktop', 'PYTHONPATH': '/opt/ros/jazzy/lib/python3.12/site-packages', 'COLCON': '1', 'MEMORY_PRESSURE_WRITE': 'c29tZSAyMDAwMDAgMjAwMDAwMAA=', 'CMAKE_PREFIX_PATH': '/opt/ros/jazzy/opt/gz_sim_vendor:/opt/ros/jazzy/opt/gz_sensors_vendor:/opt/ros/jazzy/opt/gz_physics_vendor:/opt/ros/jazzy/opt/sdformat_vendor:/opt/ros/jazzy/opt/gz_gui_vendor:/opt/ros/jazzy/opt/gz_transport_vendor:/opt/ros/jazzy/opt/gz_rendering_vendor:/opt/ros/jazzy/opt/gz_plugin_vendor:/opt/ros/jazzy/opt/gz_fuel_tools_vendor:/opt/ros/jazzy/opt/gz_msgs_vendor:/opt/ros/jazzy/opt/gz_common_vendor:/opt/ros/jazzy/opt/gz_math_vendor:/opt/ros/jazzy/opt/gz_utils_vendor:/opt/ros/jazzy/opt/gz_tools_vendor:/opt/ros/jazzy/opt/gz_ogre_next_vendor:/opt/ros/jazzy/opt/gz_dartsim_vendor:/opt/ros/jazzy/opt/gz_cmake_vendor'}), 'shell': False}
[0.099891] (-) TimerEvent: {}
[0.127490] (g1_description) StdoutLine: {'line': b'-- The C compiler identification is GNU 13.3.0\n'}
[0.200006] (-) TimerEvent: {}
[0.214986] (g1_description) StdoutLine: {'line': b'-- The CXX compiler identification is GNU 13.3.0\n'}
[0.236370] (g1_description) StdoutLine: {'line': b'-- Detecting C compiler ABI info\n'}
[0.300106] (-) TimerEvent: {}
[0.343850] (g1_description) StdoutLine: {'line': b'-- Detecting C compiler ABI info - done\n'}
[0.351849] (g1_description) StdoutLine: {'line': b'-- Check for working C compiler: /usr/bin/cc - skipped\n'}
[0.352200] (g1_description) StdoutLine: {'line': b'-- Detecting C compile features\n'}
[0.352676] (g1_description) StdoutLine: {'line': b'-- Detecting C compile features - done\n'}
[0.364565] (g1_description) StdoutLine: {'line': b'-- Detecting CXX compiler ABI info\n'}
[0.400220] (-) TimerEvent: {}
[0.484465] (g1_description) StdoutLine: {'line': b'-- Detecting CXX compiler ABI info - done\n'}
[0.492173] (g1_description) StdoutLine: {'line': b'-- Check for working CXX compiler: /usr/bin/c++ - skipped\n'}
[0.492426] (g1_description) StdoutLine: {'line': b'-- Detecting CXX compile features\n'}
[0.492814] (g1_description) StdoutLine: {'line': b'-- Detecting CXX compile features - done\n'}
[0.499816] (g1_description) StdoutLine: {'line': b'-- Found ament_cmake: 2.5.4 (/opt/ros/jazzy/share/ament_cmake/cmake)\n'}
[0.500274] (-) TimerEvent: {}
[0.600462] (-) TimerEvent: {}
[0.657554] (g1_description) StdoutLine: {'line': b'-- Found Python3: /usr/bin/python3 (found version "3.12.3") found components: Interpreter \n'}
[0.700562] (-) TimerEvent: {}
[0.800826] (-) TimerEvent: {}
[0.808045] (g1_description) StdoutLine: {'line': b'-- Found ament_lint_auto: 0.17.2 (/opt/ros/jazzy/share/ament_lint_auto/cmake)\n'}
[0.808718] (g1_description) StderrLine: {'line': b'\x1b[0mCMake Error: File /home/pedro_setubal/Workspaces/G1/ROS2_g1/src/g1_description/package.xml does not exist.\x1b[0m\n'}
[0.808966] (g1_description) StderrLine: {'line': b'\x1b[31mCMake Error at /opt/ros/jazzy/share/ament_cmake_core/cmake/core/stamp.cmake:24 (configure_file):\n'}
[0.809038] (g1_description) StderrLine: {'line': b'  configure_file Problem configuring file\n'}
[0.809098] (g1_description) StderrLine: {'line': b'Call Stack (most recent call first):\n'}
[0.809147] (g1_description) StderrLine: {'line': b'  /opt/ros/jazzy/share/ament_cmake_core/cmake/core/ament_package_xml.cmake:73 (stamp)\n'}
[0.809201] (g1_description) StderrLine: {'line': b'  /opt/ros/jazzy/share/ament_cmake_core/cmake/core/ament_package_xml.cmake:49 (_ament_package_xml)\n'}
[0.809248] (g1_description) StderrLine: {'line': b'  /opt/ros/jazzy/share/ament_lint_auto/cmake/ament_lint_auto_find_test_dependencies.cmake:31 (ament_package_xml)\n'}
[0.809295] (g1_description) StderrLine: {'line': b'  CMakeLists.txt:25 (ament_lint_auto_find_test_dependencies)\n'}
[0.809349] (g1_description) StderrLine: {'line': b'\n'}
[0.809396] (g1_description) StderrLine: {'line': b'\x1b[0m\n'}
[0.809470] (g1_description) StderrLine: {'line': b'\x1b[0mCMake Error: File /home/pedro_setubal/Workspaces/G1/ROS2_g1/src/g1_description/package.xml does not exist.\x1b[0m\n'}
[0.809524] (g1_description) StderrLine: {'line': b'\x1b[31mCMake Error at /opt/ros/jazzy/share/ament_cmake_core/cmake/core/stamp.cmake:24 (configure_file):\n'}
[0.809577] (g1_description) StderrLine: {'line': b'  configure_file Problem configuring file\n'}
[0.809650] (g1_description) StderrLine: {'line': b'Call Stack (most recent call first):\n'}
[0.809736] (g1_description) StderrLine: {'line': b'  /opt/ros/jazzy/share/ament_cmake_core/cmake/core/ament_package_xml.cmake:73 (stamp)\n'}
[0.809811] (g1_description) StderrLine: {'line': b'  /opt/ros/jazzy/share/ament_cmake_core/cmake/core/ament_package_xml.cmake:49 (_ament_package_xml)\n'}
[0.809883] (g1_description) StderrLine: {'line': b'  /opt/ros/jazzy/share/ament_cmake_core/cmake/core/ament_package.cmake:63 (ament_package_xml)\n'}
[0.809956] (g1_description) StderrLine: {'line': b'  CMakeLists.txt:28 (ament_package)\n'}
[0.810023] (g1_description) StderrLine: {'line': b'\n'}
[0.810103] (g1_description) StderrLine: {'line': b'\x1b[0m\n'}
[0.813079] (g1_description) StdoutLine: {'line': b'-- Configuring incomplete, errors occurred!\n'}
[0.818137] (g1_description) CommandEnded: {'returncode': 1}
[0.818733] (g1_description) JobEnded: {'identifier': 'g1_description', 'rc': 1}
[0.829155] (-) EventReactorShutdown: {}
