[0.010s] Invoking command in '/home/pedro_setubal/Workspaces/G1/ROS2_g1/build/g1_description': DEBUGINFOD_URLS=https://debuginfod.ubuntu.com /usr/bin/cmake /home/pedro_setubal/Workspaces/G1/ROS2_g1/src/g1_description -DCMAKE_INSTALL_PREFIX=/home/pedro_setubal/Workspaces/G1/ROS2_g1/install/g1_description
[0.127s] -- The C compiler identification is GNU 13.3.0
[0.215s] -- The CXX compiler identification is GNU 13.3.0
[0.236s] -- Detecting C compiler ABI info
[0.344s] -- Detecting C compiler ABI info - done
[0.351s] -- Check for working C compiler: /usr/bin/cc - skipped
[0.352s] -- Detecting C compile features
[0.352s] -- Detecting C compile features - done
[0.364s] -- Detecting CXX compiler ABI info
[0.484s] -- Detecting CXX compiler ABI info - done
[0.492s] -- Check for working CXX compiler: /usr/bin/c++ - skipped
[0.492s] -- Detecting CXX compile features
[0.492s] -- Detecting CXX compile features - done
[0.499s] -- Found ament_cmake: 2.5.4 (/opt/ros/jazzy/share/ament_cmake/cmake)
[0.657s] -- Found Python3: /usr/bin/python3 (found version "3.12.3") found components: Interpreter 
[0.808s] -- Found ament_lint_auto: 0.17.2 (/opt/ros/jazzy/share/ament_lint_auto/cmake)
[0.808s] [0mCMake Error: File /home/pedro_setubal/Workspaces/G1/ROS2_g1/src/g1_description/package.xml does not exist.[0m
[0.808s] [31mCMake Error at /opt/ros/jazzy/share/ament_cmake_core/cmake/core/stamp.cmake:24 (configure_file):
[0.809s]   configure_file Problem configuring file
[0.809s] Call Stack (most recent call first):
[0.809s]   /opt/ros/jazzy/share/ament_cmake_core/cmake/core/ament_package_xml.cmake:73 (stamp)
[0.809s]   /opt/ros/jazzy/share/ament_cmake_core/cmake/core/ament_package_xml.cmake:49 (_ament_package_xml)
[0.809s]   /opt/ros/jazzy/share/ament_lint_auto/cmake/ament_lint_auto_find_test_dependencies.cmake:31 (ament_package_xml)
[0.809s]   CMakeLists.txt:25 (ament_lint_auto_find_test_dependencies)
[0.809s] 
[0.809s] [0m
[0.809s] [0mCMake Error: File /home/pedro_setubal/Workspaces/G1/ROS2_g1/src/g1_description/package.xml does not exist.[0m
[0.809s] [31mCMake Error at /opt/ros/jazzy/share/ament_cmake_core/cmake/core/stamp.cmake:24 (configure_file):
[0.809s]   configure_file Problem configuring file
[0.809s] Call Stack (most recent call first):
[0.809s]   /opt/ros/jazzy/share/ament_cmake_core/cmake/core/ament_package_xml.cmake:73 (stamp)
[0.809s]   /opt/ros/jazzy/share/ament_cmake_core/cmake/core/ament_package_xml.cmake:49 (_ament_package_xml)
[0.809s]   /opt/ros/jazzy/share/ament_cmake_core/cmake/core/ament_package.cmake:63 (ament_package_xml)
[0.809s]   CMakeLists.txt:28 (ament_package)
[0.810s] 
[0.810s] [0m
[0.813s] -- Configuring incomplete, errors occurred!
[0.818s] Invoked command in '/home/pedro_setubal/Workspaces/G1/ROS2_g1/build/g1_description' returned '1': DEBUGINFOD_URLS=https://debuginfod.ubuntu.com /usr/bin/cmake /home/pedro_setubal/Workspaces/G1/ROS2_g1/src/g1_description -DCMAKE_INSTALL_PREFIX=/home/pedro_setubal/Workspaces/G1/ROS2_g1/install/g1_description
